<?xml version="1.0" encoding="UTF-8"?>
<robot generator="Robot 6.1 (Python 3.11.1 on win32)" generated="20230726 22:15:25.355" rpa="false" schemaversion="4">
<suite id="s1" name="Test Robotframework" source="C:\Users\48501\Documents\GitHub\test_robotframework">
<suite id="s1-s1" name="Test Cases Rf" source="C:\Users\48501\Documents\GitHub\test_robotframework\test_cases_rf.robot">
<test id="s1-s1-t1" name="Add a player with age above 100" line="55">
<kw name="Open login page">
<kw name="Open Browser" library="SeleniumLibrary">
<arg>${LOGIN URL}</arg>
<arg>${BROWSER}</arg>
<doc>Opens a new browser instance to the optional ``url``.</doc>
<msg timestamp="20230726 22:15:25.597" level="INFO">Opening browser 'Chrome' to base url 'https://scouts-test.futbolkolektyw.pl/en'.</msg>
<status status="PASS" starttime="20230726 22:15:25.597" endtime="20230726 22:15:27.367"/>
</kw>
<kw name="Title Should Be" library="SeleniumLibrary">
<arg>Scouts panel - sign in</arg>
<doc>Verifies that the current page title equals ``title``.</doc>
<msg timestamp="20230726 22:15:27.376" level="INFO">Page title is 'Scouts panel - sign in'.</msg>
<status status="PASS" starttime="20230726 22:15:27.367" endtime="20230726 22:15:27.376"/>
</kw>
<status status="PASS" starttime="20230726 22:15:25.597" endtime="20230726 22:15:27.376"/>
</kw>
<kw name="Type in email">
<kw name="Input Text" library="SeleniumLibrary">
<arg>${EMAILINPUT}</arg>
<arg>user10@getnada.com</arg>
<doc>Types the given ``text`` into the text field identified by ``locator``.</doc>
<msg timestamp="20230726 22:15:27.377" level="INFO">Typing text 'user10@getnada.com' into text field 'xpath=//*[@id='login']'.</msg>
<status status="PASS" starttime="20230726 22:15:27.376" endtime="20230726 22:15:27.575"/>
</kw>
<status status="PASS" starttime="20230726 22:15:27.376" endtime="20230726 22:15:27.575"/>
</kw>
<kw name="Type in password">
<kw name="Input Password" library="SeleniumLibrary">
<arg>${PASSWORDINPUT}</arg>
<arg>Test-1234</arg>
<doc>Types the given password into the text field identified by ``locator``.</doc>
<msg timestamp="20230726 22:15:27.576" level="INFO">Typing password into text field 'xpath=//*[@id='password']'.</msg>
<msg timestamp="20230726 22:15:27.619" level="INFO">Temporally setting log level to: NONE</msg>
<msg timestamp="20230726 22:15:27.703" level="INFO">Log level changed from NONE to INFO.</msg>
<status status="PASS" starttime="20230726 22:15:27.576" endtime="20230726 22:15:27.703"/>
</kw>
<status status="PASS" starttime="20230726 22:15:27.575" endtime="20230726 22:15:27.703"/>
</kw>
<kw name="Click on the Submit button">
<kw name="Click Element" library="SeleniumLibrary">
<arg>${SIGNINBUTTON}</arg>
<doc>Click the element identified by ``locator``.</doc>
<msg timestamp="20230726 22:15:27.704" level="INFO">Clicking element 'xpath=//*[text()= 'Sign in']'.</msg>
<status status="PASS" starttime="20230726 22:15:27.704" endtime="20230726 22:15:27.764"/>
</kw>
<status status="PASS" starttime="20230726 22:15:27.703" endtime="20230726 22:15:27.764"/>
</kw>
<kw name="Assert dashboard">
<kw name="Wait Until Element Is Visible" library="SeleniumLibrary">
<arg>${PAGELOGO}</arg>
<doc>Waits until the element ``locator`` is visible.</doc>
<status status="PASS" starttime="20230726 22:15:27.765" endtime="20230726 22:15:30.111"/>
</kw>
<kw name="Title Should Be" library="SeleniumLibrary">
<arg>Scouts panel</arg>
<doc>Verifies that the current page title equals ``title``.</doc>
<msg timestamp="20230726 22:15:30.118" level="INFO">Page title is 'Scouts panel'.</msg>
<status status="PASS" starttime="20230726 22:15:30.111" endtime="20230726 22:15:30.118"/>
</kw>
<status status="PASS" starttime="20230726 22:15:27.765" endtime="20230726 22:15:30.118"/>
</kw>
<kw name="Assert add a player form">
<kw name="Click Element" library="SeleniumLibrary">
<arg>${ADDAPLAYERPAGE}</arg>
<doc>Click the element identified by ``locator``.</doc>
<msg timestamp="20230726 22:15:30.120" level="INFO">Clicking element 'xpath=//*[text()='Add player']'.</msg>
<status status="PASS" starttime="20230726 22:15:30.118" endtime="20230726 22:15:30.174"/>
</kw>
<kw name="Wait Until Element Is Visible" library="SeleniumLibrary">
<arg>${ADDPLAYERHEADER}</arg>
<doc>Waits until the element ``locator`` is visible.</doc>
<status status="PASS" starttime="20230726 22:15:30.174" endtime="20230726 22:15:30.456"/>
</kw>
<kw name="Title Should Be" library="SeleniumLibrary">
<arg>Add player</arg>
<doc>Verifies that the current page title equals ``title``.</doc>
<msg timestamp="20230726 22:15:30.461" level="INFO">Page title is 'Add player'.</msg>
<status status="PASS" starttime="20230726 22:15:30.456" endtime="20230726 22:15:30.461"/>
</kw>
<status status="PASS" starttime="20230726 22:15:30.118" endtime="20230726 22:15:30.461"/>
</kw>
<kw name="Type in name">
<kw name="Input Text" library="SeleniumLibrary">
<arg>${NAMEINPUT}</arg>
<arg>Lemon</arg>
<doc>Types the given ``text`` into the text field identified by ``locator``.</doc>
<msg timestamp="20230726 22:15:30.462" level="INFO">Typing text 'Lemon' into text field 'xpath=//input[@name='name']'.</msg>
<status status="PASS" starttime="20230726 22:15:30.462" endtime="20230726 22:15:30.581"/>
</kw>
<status status="PASS" starttime="20230726 22:15:30.462" endtime="20230726 22:15:30.581"/>
</kw>
<kw name="Type in surname">
<kw name="Input Text" library="SeleniumLibrary">
<arg>${SURNAMEINPUT}</arg>
<arg>Smith</arg>
<doc>Types the given ``text`` into the text field identified by ``locator``.</doc>
<msg timestamp="20230726 22:15:30.583" level="INFO">Typing text 'Smith' into text field 'xpath=//input[@name='surname']'.</msg>
<status status="PASS" starttime="20230726 22:15:30.582" endtime="20230726 22:15:30.707"/>
</kw>
<status status="PASS" starttime="20230726 22:15:30.582" endtime="20230726 22:15:30.707"/>
</kw>
<kw name="Type in main position">
<kw name="Input Text" library="SeleniumLibrary">
<arg>${MAINPOSITIONINPUT}</arg>
<arg>goalkeeper</arg>
<doc>Types the given ``text`` into the text field identified by ``locator``.</doc>
<msg timestamp="20230726 22:15:30.708" level="INFO">Typing text 'goalkeeper' into text field 'xpath=//input[@name='mainPosition']'.</msg>
<status status="PASS" starttime="20230726 22:15:30.708" endtime="20230726 22:15:30.830"/>
</kw>
<status status="PASS" starttime="20230726 22:15:30.708" endtime="20230726 22:15:30.830"/>
</kw>
<kw name="Type in age">
<kw name="Input Text" library="SeleniumLibrary">
<arg>${AGEINPUT}</arg>
<arg>11111811</arg>
<doc>Types the given ``text`` into the text field identified by ``locator``.</doc>
<msg timestamp="20230726 22:15:30.831" level="INFO">Typing text '11111811' into text field 'xpath=//input[@name='age']'.</msg>
<status status="PASS" starttime="20230726 22:15:30.831" endtime="20230726 22:15:30.947"/>
</kw>
<status status="PASS" starttime="20230726 22:15:30.831" endtime="20230726 22:15:30.947"/>
</kw>
<kw name="Click Submit player button">
<kw name="Scroll Element Into View" library="SeleniumLibrary">
<arg>${SUBMITPLAYERBUTTON}</arg>
<doc>Scrolls the element identified by ``locator`` into view.</doc>
<status status="PASS" starttime="20230726 22:15:30.948" endtime="20230726 22:15:31.240"/>
</kw>
<kw name="Click Element" library="SeleniumLibrary">
<arg>${SUBMITPLAYERBUTTON}</arg>
<doc>Click the element identified by ``locator``.</doc>
<msg timestamp="20230726 22:15:31.241" level="INFO">Clicking element 'xpath=//button[@type='submit']'.</msg>
<status status="PASS" starttime="20230726 22:15:31.240" endtime="20230726 22:15:31.310"/>
</kw>
<status status="PASS" starttime="20230726 22:15:30.948" endtime="20230726 22:15:31.310"/>
</kw>
<kw name="Check Add player pop-up">
<kw name="Wait Until Element Is Visible" library="SeleniumLibrary">
<arg>${ADDPLAYERALERT}</arg>
<doc>Waits until the element ``locator`` is visible.</doc>
<msg timestamp="20230726 22:15:36.522" level="INFO" html="true">&lt;/td&gt;&lt;/tr&gt;&lt;tr&gt;&lt;td colspan="3"&gt;&lt;a href="selenium-screenshot-2.png"&gt;&lt;img src="selenium-screenshot-2.png" width="800px"&gt;&lt;/a&gt;</msg>
<msg timestamp="20230726 22:15:36.522" level="FAIL">Element 'xpath=//*[@id='9ddtuyzvez']' not visible after 5 seconds.</msg>
<status status="FAIL" starttime="20230726 22:15:31.311" endtime="20230726 22:15:36.525"/>
</kw>
<kw name="Element Text Should Be" library="SeleniumLibrary">
<arg>${ADDPLAYERALERT}</arg>
<arg>Added player.</arg>
<doc>Verifies that element ``locator`` contains exact the text ``expected``.</doc>
<status status="NOT RUN" starttime="20230726 22:15:36.525" endtime="20230726 22:15:36.525"/>
</kw>
<kw name="Wait Until Element Is Not Visible" library="SeleniumLibrary">
<arg>${ADDPLAYERALERT}</arg>
<doc>Waits until the element ``locator`` is not visible.</doc>
<status status="NOT RUN" starttime="20230726 22:15:36.525" endtime="20230726 22:15:36.525"/>
</kw>
<kw name="Element Text Should Not Be" library="SeleniumLibrary">
<arg>${ADDPLAYERALERT}</arg>
<arg>Added player.</arg>
<doc>Verifies that element ``locator`` does not contain exact the text ``not_expected``.</doc>
<status status="NOT RUN" starttime="20230726 22:15:36.525" endtime="20230726 22:15:36.525"/>
</kw>
<status status="FAIL" starttime="20230726 22:15:31.311" endtime="20230726 22:15:36.525"/>
</kw>
<kw name="Close Browser" library="SeleniumLibrary" type="TEARDOWN">
<doc>Closes the current browser.</doc>
<status status="PASS" starttime="20230726 22:15:36.525" endtime="20230726 22:15:38.687"/>
</kw>
<status status="FAIL" starttime="20230726 22:15:25.597" endtime="20230726 22:15:38.687">Element 'xpath=//*[@id='9ddtuyzvez']' not visible after 5 seconds.</status>
</test>
<doc>Suite description #automated tests for scout website</doc>
<status status="FAIL" starttime="20230726 22:15:25.377" endtime="20230726 22:15:38.687"/>
</suite>
<status status="FAIL" starttime="20230726 22:15:25.355" endtime="20230726 22:15:38.687"/>
</suite>
<statistics>
<total>
<stat pass="0" fail="1" skip="0">All Tests</stat>
</total>
<tag>
</tag>
<suite>
<stat pass="0" fail="1" skip="0" id="s1" name="Test Robotframework">Test Robotframework</stat>
<stat pass="0" fail="1" skip="0" id="s1-s1" name="Test Cases Rf">Test Robotframework.Test Cases Rf</stat>
</suite>
</statistics>
<errors>
</errors>
</robot>
